-------------------------------------------------------------------------------
Test set: org.pitest.classinfo.HierarchicalClassIdTest
-------------------------------------------------------------------------------
<<<<<<< HEAD
Tests run: 1, Failures: 0, Errors: 0, Skipped: 0, Time elapsed: 0.016 sec - in org.pitest.classinfo.HierarchicalClassIdTest
=======
<<<<<<< HEAD
Tests run: 1, Failures: 0, Errors: 0, Skipped: 0, Time elapsed: 0.008 sec - in org.pitest.classinfo.HierarchicalClassIdTest
=======
Tests run: 1, Failures: 0, Errors: 0, Skipped: 0, Time elapsed: 0.017 sec - in org.pitest.classinfo.HierarchicalClassIdTest
>>>>>>> b151e0c5a1088119b7eec1e30f126115ee3eab4b
>>>>>>> refs/remotes/origin/UOI-Mutator
