-------------------------------------------------------------------------------
Test set: org.pitest.dependency.DependencyExtractorTest
-------------------------------------------------------------------------------
<<<<<<< HEAD
Tests run: 6, Failures: 0, Errors: 0, Skipped: 0, Time elapsed: 0.25 sec - in org.pitest.dependency.DependencyExtractorTest
=======
<<<<<<< HEAD
Tests run: 6, Failures: 0, Errors: 0, Skipped: 0, Time elapsed: 0.272 sec - in org.pitest.dependency.DependencyExtractorTest
=======
Tests run: 6, Failures: 0, Errors: 0, Skipped: 0, Time elapsed: 0.391 sec - in org.pitest.dependency.DependencyExtractorTest
>>>>>>> b151e0c5a1088119b7eec1e30f126115ee3eab4b
>>>>>>> refs/remotes/origin/UOI-Mutator
