-------------------------------------------------------------------------------
Test set: org.pitest.mutationtest.config.CompoundConfigurationTest
-------------------------------------------------------------------------------
<<<<<<< HEAD
Tests run: 7, Failures: 0, Errors: 0, Skipped: 0, Time elapsed: 0 sec - in org.pitest.mutationtest.config.CompoundConfigurationTest
=======
<<<<<<< HEAD
Tests run: 7, Failures: 0, Errors: 0, Skipped: 0, Time elapsed: 0 sec - in org.pitest.mutationtest.config.CompoundConfigurationTest
=======
Tests run: 7, Failures: 0, Errors: 0, Skipped: 0, Time elapsed: 0.004 sec - in org.pitest.mutationtest.config.CompoundConfigurationTest
>>>>>>> b151e0c5a1088119b7eec1e30f126115ee3eab4b
>>>>>>> refs/remotes/origin/UOI-Mutator
