-------------------------------------------------------------------------------
Test set: org.pitest.mutationtest.engine.gregor.TestGregorMutater
-------------------------------------------------------------------------------
<<<<<<< HEAD
Tests run: 19, Failures: 0, Errors: 0, Skipped: 0, Time elapsed: 0.5 sec - in org.pitest.mutationtest.engine.gregor.TestGregorMutater
=======
<<<<<<< HEAD
Tests run: 19, Failures: 0, Errors: 0, Skipped: 0, Time elapsed: 0.58 sec - in org.pitest.mutationtest.engine.gregor.TestGregorMutater
=======
Tests run: 19, Failures: 0, Errors: 0, Skipped: 0, Time elapsed: 0.725 sec - in org.pitest.mutationtest.engine.gregor.TestGregorMutater
>>>>>>> b151e0c5a1088119b7eec1e30f126115ee3eab4b
>>>>>>> refs/remotes/origin/UOI-Mutator
