-------------------------------------------------------------------------------
Test set: org.pitest.mutationtest.engine.gregor.mutators.experimental.RemoveIncrementsMutatorTest
-------------------------------------------------------------------------------
<<<<<<< HEAD
Tests run: 3, Failures: 0, Errors: 0, Skipped: 0, Time elapsed: 0.094 sec - in org.pitest.mutationtest.engine.gregor.mutators.experimental.RemoveIncrementsMutatorTest
=======
<<<<<<< HEAD
Tests run: 3, Failures: 0, Errors: 0, Skipped: 0, Time elapsed: 0.108 sec - in org.pitest.mutationtest.engine.gregor.mutators.experimental.RemoveIncrementsMutatorTest
=======
Tests run: 3, Failures: 0, Errors: 0, Skipped: 0, Time elapsed: 0.169 sec - in org.pitest.mutationtest.engine.gregor.mutators.experimental.RemoveIncrementsMutatorTest
>>>>>>> b151e0c5a1088119b7eec1e30f126115ee3eab4b
>>>>>>> refs/remotes/origin/UOI-Mutator
