-------------------------------------------------------------------------------
Test set: org.pitest.mutationtest.engine.gregor.mutators.InlineConstantMutatorTest
-------------------------------------------------------------------------------
<<<<<<< HEAD
Tests run: 32, Failures: 0, Errors: 0, Skipped: 0, Time elapsed: 2.188 sec - in org.pitest.mutationtest.engine.gregor.mutators.InlineConstantMutatorTest
=======
<<<<<<< HEAD
Tests run: 32, Failures: 0, Errors: 0, Skipped: 0, Time elapsed: 2.468 sec - in org.pitest.mutationtest.engine.gregor.mutators.InlineConstantMutatorTest
=======
Tests run: 32, Failures: 0, Errors: 0, Skipped: 0, Time elapsed: 3.382 sec - in org.pitest.mutationtest.engine.gregor.mutators.InlineConstantMutatorTest
>>>>>>> b151e0c5a1088119b7eec1e30f126115ee3eab4b
>>>>>>> refs/remotes/origin/UOI-Mutator
