-------------------------------------------------------------------------------
Test set: org.pitest.mutationtest.engine.gregor.mutators.experimental.SwitchMutatorTest
-------------------------------------------------------------------------------
<<<<<<< HEAD
Tests run: 8, Failures: 0, Errors: 0, Skipped: 0, Time elapsed: 0.922 sec - in org.pitest.mutationtest.engine.gregor.mutators.experimental.SwitchMutatorTest
=======
<<<<<<< HEAD
Tests run: 8, Failures: 0, Errors: 0, Skipped: 0, Time elapsed: 1.096 sec - in org.pitest.mutationtest.engine.gregor.mutators.experimental.SwitchMutatorTest
=======
Tests run: 8, Failures: 0, Errors: 0, Skipped: 0, Time elapsed: 1.533 sec - in org.pitest.mutationtest.engine.gregor.mutators.experimental.SwitchMutatorTest
>>>>>>> b151e0c5a1088119b7eec1e30f126115ee3eab4b
>>>>>>> refs/remotes/origin/UOI-Mutator
