-------------------------------------------------------------------------------
Test set: org.pitest.mutationtest.engine.gregor.AvoidAssertsMethodAdapterTest
-------------------------------------------------------------------------------
<<<<<<< HEAD
Tests run: 31, Failures: 0, Errors: 0, Skipped: 0, Time elapsed: 0 sec - in org.pitest.mutationtest.engine.gregor.AvoidAssertsMethodAdapterTest
=======
<<<<<<< HEAD
Tests run: 31, Failures: 0, Errors: 0, Skipped: 0, Time elapsed: 0 sec - in org.pitest.mutationtest.engine.gregor.AvoidAssertsMethodAdapterTest
=======
Tests run: 31, Failures: 0, Errors: 0, Skipped: 0, Time elapsed: 0.002 sec - in org.pitest.mutationtest.engine.gregor.AvoidAssertsMethodAdapterTest
>>>>>>> b151e0c5a1088119b7eec1e30f126115ee3eab4b
>>>>>>> refs/remotes/origin/UOI-Mutator
