-------------------------------------------------------------------------------
Test set: org.pitest.mutationtest.engine.gregor.mutators.ReturnValsMutatorTest
-------------------------------------------------------------------------------
<<<<<<< HEAD
Tests run: 12, Failures: 0, Errors: 0, Skipped: 0, Time elapsed: 0.752 sec - in org.pitest.mutationtest.engine.gregor.mutators.ReturnValsMutatorTest
=======
<<<<<<< HEAD
Tests run: 12, Failures: 0, Errors: 0, Skipped: 0, Time elapsed: 0.884 sec - in org.pitest.mutationtest.engine.gregor.mutators.ReturnValsMutatorTest
=======
Tests run: 12, Failures: 0, Errors: 0, Skipped: 0, Time elapsed: 1.168 sec - in org.pitest.mutationtest.engine.gregor.mutators.ReturnValsMutatorTest
>>>>>>> b151e0c5a1088119b7eec1e30f126115ee3eab4b
>>>>>>> refs/remotes/origin/UOI-Mutator
