-------------------------------------------------------------------------------
Test set: org.pitest.classinfo.ClassNameTest
-------------------------------------------------------------------------------
<<<<<<< HEAD
Tests run: 22, Failures: 0, Errors: 0, Skipped: 0, Time elapsed: 0.094 sec - in org.pitest.classinfo.ClassNameTest
=======
<<<<<<< HEAD
Tests run: 22, Failures: 0, Errors: 0, Skipped: 0, Time elapsed: 0.12 sec - in org.pitest.classinfo.ClassNameTest
=======
Tests run: 22, Failures: 0, Errors: 0, Skipped: 0, Time elapsed: 0.198 sec - in org.pitest.classinfo.ClassNameTest
>>>>>>> b151e0c5a1088119b7eec1e30f126115ee3eab4b
>>>>>>> refs/remotes/origin/UOI-Mutator
