-------------------------------------------------------------------------------
Test set: org.pitest.mutationtest.engine.gregor.mutators.ArgumentPropagationMutatorTest
-------------------------------------------------------------------------------
<<<<<<< HEAD
Tests run: 13, Failures: 0, Errors: 0, Skipped: 0, Time elapsed: 1.063 sec - in org.pitest.mutationtest.engine.gregor.mutators.ArgumentPropagationMutatorTest
=======
<<<<<<< HEAD
Tests run: 13, Failures: 0, Errors: 0, Skipped: 0, Time elapsed: 1.368 sec - in org.pitest.mutationtest.engine.gregor.mutators.ArgumentPropagationMutatorTest
=======
Tests run: 13, Failures: 0, Errors: 0, Skipped: 0, Time elapsed: 1.519 sec - in org.pitest.mutationtest.engine.gregor.mutators.ArgumentPropagationMutatorTest
>>>>>>> b151e0c5a1088119b7eec1e30f126115ee3eab4b
>>>>>>> refs/remotes/origin/UOI-Mutator
